<?xml version="1.0" encoding="UTF-8"?>
<!-- Generated by org.testng.reporters.JUnitReportReporter -->
<testsuite hostname="DESKTOP-OVRCGKQ" name="com.selenium.GoogleTest" tests="1" failures="0" timestamp="7 Jul 2021 09:58:34 GMT" time="0.010" errors="0">
  <testcase name="googletest" time="0.010" classname="com.selenium.GoogleTest"/>
</testsuite> <!-- com.selenium.GoogleTest -->
